<?xml version="1.0" encoding="UTF-8"?>
<!-- Generated by org.testng.reporters.JUnitXMLReporter -->
<testsuite hostname="DESKTOP-B75F35K" ignored="0" name="Default test" tests="9" failures="0" timestamp="29 Oct 2018 11:53:50 GMT" time="160.684" errors="0">
  <testcase name="ValidateLogin" time="44.504" classname="smokeTest.ValidateSmokeTest"/>
  <testcase name="ValidateMarkITPlacePage" time="6.419" classname="smokeTest.ValidateSmokeTest"/>
  <testcase name="ValidateManageTab" time="18.237" classname="smokeTest.ValidateSmokeTest"/>
  <testcase name="ValidateInsightTab" time="11.609" classname="smokeTest.ValidateSmokeTest"/>
  <testcase name="ValidateNotificationPage" time="14.045" classname="smokeTest.ValidateSmokeTest"/>
  <testcase name="ValidateLogo" time="6.224" classname="smokeTest.ValidateSmokeTest"/>
  <testcase name="ValidateLogout" time="16.288" classname="smokeTest.ValidateSmokeTest"/>
  <testcase name="ValidateForgetPswd" time="21.888" classname="smokeTest.ValidateSmokeTest"/>
  <testcase name="ValidateRegPage" time="21.289" classname="smokeTest.ValidateSmokeTest"/>
</testsuite> <!-- Default test -->
