<?xml version="1.0" encoding="UTF-8"?>
<!-- Generated by org.testng.reporters.JUnitXMLReporter -->
<testsuite hostname="DESKTOP-B75F35K" ignored="0" name="Default test" tests="9" failures="0" timestamp="25 Oct 2018 12:36:53 GMT" time="63.554" errors="0">
  <testcase name="ValidateLogin" time="9.34" classname="smokeTest.ValidateSmokeTest"/>
  <testcase name="ValidateMarkITPlacePage" time="5.104" classname="smokeTest.ValidateSmokeTest"/>
  <testcase name="ValidateManageTab" time="5.075" classname="smokeTest.ValidateSmokeTest"/>
  <testcase name="ValidateInsightTab" time="5.07" classname="smokeTest.ValidateSmokeTest"/>
  <testcase name="ValidateNotificationPage" time="1.193" classname="smokeTest.ValidateSmokeTest"/>
  <testcase name="ValidateLogo" time="5.087" classname="smokeTest.ValidateSmokeTest"/>
  <testcase name="ValidateLogout" time="10.158" classname="smokeTest.ValidateSmokeTest"/>
  <testcase name="ValidateForgetPswd" time="11.317" classname="smokeTest.ValidateSmokeTest"/>
  <testcase name="ValidateRegPage" time="10.521" classname="smokeTest.ValidateSmokeTest"/>
</testsuite> <!-- Default test -->
