<?xml version="1.0" encoding="UTF-8"?>
<testng-results skipped="0" failed="0" ignored="4" total="22" passed="18">
  <reporter-output>
  </reporter-output>
  <suite name="Default suite" duration-ms="100096" started-at="2018-11-19T08:42:58Z" finished-at="2018-11-19T08:44:38Z">
    <groups>
    </groups>
    <test name="Default test" duration-ms="100096" started-at="2018-11-19T08:42:58Z" finished-at="2018-11-19T08:44:38Z">
      <class name="smokeTest.ValidateSmokeTest">
        <test-method status="PASS" signature="ValidateLogin()[pri:0, instance:smokeTest.ValidateSmokeTest@65466a6a]" name="ValidateLogin" duration-ms="14873" started-at="2018-11-19T13:42:58Z" finished-at="2018-11-19T13:43:13Z">
          <reporter-output>
          </reporter-output>
        </test-method> <!-- ValidateLogin -->
        <test-method status="PASS" signature="ValidateMarkITPlacePage()[pri:1, instance:smokeTest.ValidateSmokeTest@65466a6a]" name="ValidateMarkITPlacePage" duration-ms="2361" started-at="2018-11-19T13:43:13Z" depends-on-methods="smokeTest.ValidateSmokeTest.ValidateLogin" finished-at="2018-11-19T13:43:16Z">
          <reporter-output>
          </reporter-output>
        </test-method> <!-- ValidateMarkITPlacePage -->
        <test-method status="PASS" signature="ValidateManageTab()[pri:2, instance:smokeTest.ValidateSmokeTest@65466a6a]" name="ValidateManageTab" duration-ms="2195" started-at="2018-11-19T13:43:16Z" depends-on-methods="smokeTest.ValidateSmokeTest.ValidateLogin" finished-at="2018-11-19T13:43:18Z">
          <reporter-output>
          </reporter-output>
        </test-method> <!-- ValidateManageTab -->
        <test-method status="PASS" signature="ValidateInsightTab()[pri:3, instance:smokeTest.ValidateSmokeTest@65466a6a]" name="ValidateInsightTab" duration-ms="3341" started-at="2018-11-19T13:43:18Z" depends-on-methods="smokeTest.ValidateSmokeTest.ValidateLogin" finished-at="2018-11-19T13:43:21Z">
          <reporter-output>
          </reporter-output>
        </test-method> <!-- ValidateInsightTab -->
        <test-method status="PASS" signature="ValidateNotificationPage()[pri:4, instance:smokeTest.ValidateSmokeTest@65466a6a]" name="ValidateNotificationPage" duration-ms="2176" started-at="2018-11-19T13:43:21Z" depends-on-methods="smokeTest.ValidateSmokeTest.ValidateLogin" finished-at="2018-11-19T13:43:23Z">
          <reporter-output>
          </reporter-output>
        </test-method> <!-- ValidateNotificationPage -->
        <test-method status="PASS" signature="ValidateLogo()[pri:5, instance:smokeTest.ValidateSmokeTest@65466a6a]" name="ValidateLogo" duration-ms="5148" started-at="2018-11-19T13:43:23Z" depends-on-methods="smokeTest.ValidateSmokeTest.ValidateLogin" finished-at="2018-11-19T13:43:28Z">
          <reporter-output>
          </reporter-output>
        </test-method> <!-- ValidateLogo -->
        <test-method status="PASS" signature="ValidateMyProfile()[pri:6, instance:smokeTest.ValidateSmokeTest@65466a6a]" name="ValidateMyProfile" duration-ms="5716" started-at="2018-11-19T13:43:28Z" depends-on-methods="smokeTest.ValidateSmokeTest.ValidateLogin" finished-at="2018-11-19T13:43:34Z">
          <reporter-output>
          </reporter-output>
        </test-method> <!-- ValidateMyProfile -->
        <test-method status="PASS" signature="ValidateEditProfile()[pri:7, instance:smokeTest.ValidateSmokeTest@65466a6a]" name="ValidateEditProfile" duration-ms="7192" started-at="2018-11-19T13:43:34Z" depends-on-methods="smokeTest.ValidateSmokeTest.ValidateLogin" finished-at="2018-11-19T13:43:41Z">
          <reporter-output>
          </reporter-output>
        </test-method> <!-- ValidateEditProfile -->
        <test-method status="PASS" signature="ValidateChangePassword()[pri:8, instance:smokeTest.ValidateSmokeTest@65466a6a]" name="ValidateChangePassword" duration-ms="7361" started-at="2018-11-19T13:43:41Z" depends-on-methods="smokeTest.ValidateSmokeTest.ValidateLogin" finished-at="2018-11-19T13:43:49Z">
          <reporter-output>
          </reporter-output>
        </test-method> <!-- ValidateChangePassword -->
        <test-method status="PASS" signature="ValidateCatalogRestriction()[pri:10, instance:smokeTest.ValidateSmokeTest@65466a6a]" name="ValidateCatalogRestriction" duration-ms="2241" started-at="2018-11-19T13:43:49Z" depends-on-methods="smokeTest.ValidateSmokeTest.ValidateLogin" finished-at="2018-11-19T13:43:51Z">
          <reporter-output>
          </reporter-output>
        </test-method> <!-- ValidateCatalogRestriction -->
        <test-method status="PASS" signature="ValidateDomainLink()[pri:11, instance:smokeTest.ValidateSmokeTest@65466a6a]" name="ValidateDomainLink" duration-ms="2241" started-at="2018-11-19T13:43:51Z" depends-on-methods="smokeTest.ValidateSmokeTest.ValidateLogin" finished-at="2018-11-19T13:43:53Z">
          <reporter-output>
          </reporter-output>
        </test-method> <!-- ValidateDomainLink -->
        <test-method status="PASS" signature="ValidateAddressPage()[pri:13, instance:smokeTest.ValidateSmokeTest@65466a6a]" name="ValidateAddressPage" duration-ms="9629" started-at="2018-11-19T13:43:53Z" depends-on-methods="smokeTest.ValidateSmokeTest.ValidateLogin" finished-at="2018-11-19T13:44:03Z">
          <reporter-output>
          </reporter-output>
        </test-method> <!-- ValidateAddressPage -->
        <test-method status="PASS" signature="ValidateUsersPage()[pri:14, instance:smokeTest.ValidateSmokeTest@65466a6a]" name="ValidateUsersPage" duration-ms="12716" started-at="2018-11-19T13:44:03Z" depends-on-methods="smokeTest.ValidateSmokeTest.ValidateLogin" finished-at="2018-11-19T13:44:16Z">
          <reporter-output>
          </reporter-output>
        </test-method> <!-- ValidateUsersPage -->
        <test-method status="PASS" signature="ValidateRequestTab()[pri:15, instance:smokeTest.ValidateSmokeTest@65466a6a]" name="ValidateRequestTab" duration-ms="3174" started-at="2018-11-19T13:44:16Z" depends-on-methods="smokeTest.ValidateSmokeTest.ValidateLogin" finished-at="2018-11-19T13:44:19Z">
          <reporter-output>
          </reporter-output>
        </test-method> <!-- ValidateRequestTab -->
        <test-method status="PASS" signature="ValidateInviteTab()[pri:16, instance:smokeTest.ValidateSmokeTest@65466a6a]" name="ValidateInviteTab" duration-ms="2178" started-at="2018-11-19T13:44:19Z" depends-on-methods="smokeTest.ValidateSmokeTest.ValidateLogin" finished-at="2018-11-19T13:44:21Z">
          <reporter-output>
          </reporter-output>
        </test-method> <!-- ValidateInviteTab -->
        <test-method status="PASS" signature="ValidateLogout()[pri:17, instance:smokeTest.ValidateSmokeTest@65466a6a]" name="ValidateLogout" duration-ms="4609" started-at="2018-11-19T13:44:21Z" depends-on-methods="smokeTest.ValidateSmokeTest.ValidateLogin" finished-at="2018-11-19T13:44:26Z">
          <reporter-output>
          </reporter-output>
        </test-method> <!-- ValidateLogout -->
        <test-method status="PASS" signature="ValidateForgetPswd()[pri:18, instance:smokeTest.ValidateSmokeTest@65466a6a]" name="ValidateForgetPswd" duration-ms="8263" started-at="2018-11-19T13:44:26Z" depends-on-methods="smokeTest.ValidateSmokeTest.ValidateLogin" finished-at="2018-11-19T13:44:34Z">
          <reporter-output>
          </reporter-output>
        </test-method> <!-- ValidateForgetPswd -->
        <test-method status="PASS" signature="ValidateRegPage()[pri:19, instance:smokeTest.ValidateSmokeTest@65466a6a]" name="ValidateRegPage" duration-ms="3882" started-at="2018-11-19T13:44:34Z" depends-on-methods="smokeTest.ValidateSmokeTest.ValidateLogin" finished-at="2018-11-19T13:44:38Z">
          <reporter-output>
          </reporter-output>
        </test-method> <!-- ValidateRegPage -->
        <test-method status="PASS" signature="closebrowser()[pri:0, instance:smokeTest.ValidateSmokeTest@65466a6a]" name="closebrowser" is-config="true" duration-ms="779" started-at="2018-11-19T13:44:38Z" finished-at="2018-11-19T13:44:38Z">
          <reporter-output>
          </reporter-output>
        </test-method> <!-- closebrowser -->
      </class> <!-- smokeTest.ValidateSmokeTest -->
    </test> <!-- Default test -->
  </suite> <!-- Default suite -->
</testng-results>
